{"C:\\Users\\33766\\OneDrive\\Bureau\\bootcode\\dossiers typescript\\SpotyOne\\src\\adapters\\gateways\\V4IdGateway.ts": {"path":"C:\\Users\\33766\\OneDrive\\Bureau\\bootcode\\dossiers typescript\\SpotyOne\\src\\adapters\\gateways\\V4IdGateway.ts","statementMap":{"0":{"start":{"line":1,"column":0},"end":{"line":1,"column":24}},"1":{"start":{"line":6,"column":8},"end":{"line":6,"column":20}},"2":{"start":{"line":4,"column":0},"end":{"line":4,"column":13}}},"fnMap":{"0":{"name":"(anonymous_0)","decl":{"start":{"line":5,"column":4},"end":{"line":5,"column":12}},"loc":{"start":{"line":5,"column":12},"end":{"line":7,"column":5}}}},"branchMap":{},"s":{"0":1,"1":0,"2":1},"f":{"0":0},"b":{}}
,"C:\\Users\\33766\\OneDrive\\Bureau\\bootcode\\dossiers typescript\\SpotyOne\\src\\adapters\\repositories\\mongoDb\\MongoDbAlbumRepository.ts": {"path":"C:\\Users\\33766\\OneDrive\\Bureau\\bootcode\\dossiers typescript\\SpotyOne\\src\\adapters\\repositories\\mongoDb\\MongoDbAlbumRepository.ts","statementMap":{"0":{"start":{"line":3,"column":0},"end":{"line":3,"column":42}},"1":{"start":{"line":4,"column":0},"end":{"line":4,"column":64}},"2":{"start":{"line":6,"column":27},"end":{"line":6,"column":51}},"3":{"start":{"line":11,"column":29},"end":{"line":11,"column":67}},"4":{"start":{"line":12,"column":27},"end":{"line":12,"column":55}},"5":{"start":{"line":13,"column":8},"end":{"line":13,"column":null}},"6":{"start":{"line":14,"column":8},"end":{"line":14,"column":21}},"7":{"start":{"line":18,"column":29},"end":{"line":18,"column":67}},"8":{"start":{"line":19,"column":8},"end":{"line":31,"column":10}},"9":{"start":{"line":32,"column":8},"end":{"line":32,"column":38}},"10":{"start":{"line":36,"column":23},"end":{"line":36,"column":46}},"11":{"start":{"line":37,"column":23},"end":{"line":39,"column":11}},"12":{"start":{"line":37,"column":69},"end":{"line":39,"column":10}},"13":{"start":{"line":40,"column":8},"end":{"line":40,"column":22}},"14":{"start":{"line":44,"column":23},"end":{"line":44,"column":46}},"15":{"start":{"line":45,"column":8},"end":{"line":45,"column":53}},"16":{"start":{"line":45,"column":30},"end":{"line":45,"column":51}},"17":{"start":{"line":46,"column":23},"end":{"line":50,"column":11}},"18":{"start":{"line":46,"column":76},"end":{"line":50,"column":10}},"19":{"start":{"line":51,"column":8},"end":{"line":51,"column":null}},"20":{"start":{"line":56,"column":22},"end":{"line":56,"column":66}},"21":{"start":{"line":57,"column":8},"end":{"line":59,"column":null}},"22":{"start":{"line":58,"column":12},"end":{"line":58,"column":47}},"23":{"start":{"line":60,"column":8},"end":{"line":60,"column":49}},"24":{"start":{"line":64,"column":22},"end":{"line":64,"column":64}},"25":{"start":{"line":65,"column":8},"end":{"line":67,"column":null}},"26":{"start":{"line":66,"column":12},"end":{"line":66,"column":47}},"27":{"start":{"line":68,"column":8},"end":{"line":68,"column":49}},"28":{"start":{"line":72,"column":22},"end":{"line":72,"column":72}},"29":{"start":{"line":73,"column":8},"end":{"line":75,"column":null}},"30":{"start":{"line":74,"column":12},"end":{"line":74,"column":47}},"31":{"start":{"line":76,"column":8},"end":{"line":76,"column":49}},"32":{"start":{"line":81,"column":27},"end":{"line":84,"column":10}},"33":{"start":{"line":85,"column":8},"end":{"line":87,"column":null}},"34":{"start":{"line":86,"column":12},"end":{"line":86,"column":24}},"35":{"start":{"line":88,"column":8},"end":{"line":88,"column":21}},"36":{"start":{"line":92,"column":8},"end":{"line":92,"column":50}},"37":{"start":{"line":93,"column":8},"end":{"line":93,"column":15}},"38":{"start":{"line":8,"column":0},"end":{"line":8,"column":13}}},"fnMap":{"0":{"name":"(anonymous_7)","decl":{"start":{"line":10,"column":10},"end":{"line":10,"column":16}},"loc":{"start":{"line":10,"column":29},"end":{"line":15,"column":null}}},"1":{"name":"(anonymous_9)","decl":{"start":{"line":17,"column":4},"end":{"line":17,"column":15}},"loc":{"start":{"line":17,"column":28},"end":{"line":33,"column":5}}},"2":{"name":"(anonymous_10)","decl":{"start":{"line":35,"column":10},"end":{"line":35,"column":19}},"loc":{"start":{"line":35,"column":19},"end":{"line":41,"column":null}}},"3":{"name":"(anonymous_12)","decl":{"start":{"line":37,"column":34},"end":{"line":37,"column":35}},"loc":{"start":{"line":37,"column":69},"end":{"line":39,"column":10}}},"4":{"name":"(anonymous_13)","decl":{"start":{"line":43,"column":10},"end":{"line":43,"column":25}},"loc":{"start":{"line":43,"column":25},"end":{"line":52,"column":null}}},"5":{"name":"(anonymous_15)","decl":{"start":{"line":45,"column":20},"end":{"line":45,"column":21}},"loc":{"start":{"line":45,"column":30},"end":{"line":45,"column":51}}},"6":{"name":"(anonymous_16)","decl":{"start":{"line":46,"column":40},"end":{"line":46,"column":41}},"loc":{"start":{"line":46,"column":76},"end":{"line":50,"column":10}}},"7":{"name":"(anonymous_17)","decl":{"start":{"line":54,"column":10},"end":{"line":54,"column":22}},"loc":{"start":{"line":54,"column":38},"end":{"line":61,"column":null}}},"8":{"name":"(anonymous_19)","decl":{"start":{"line":63,"column":10},"end":{"line":63,"column":26}},"loc":{"start":{"line":63,"column":41},"end":{"line":69,"column":null}}},"9":{"name":"(anonymous_21)","decl":{"start":{"line":71,"column":10},"end":{"line":71,"column":25}},"loc":{"start":{"line":71,"column":44},"end":{"line":77,"column":null}}},"10":{"name":"(anonymous_23)","decl":{"start":{"line":80,"column":10},"end":{"line":80,"column":15}},"loc":{"start":{"line":80,"column":50},"end":{"line":89,"column":null}}},"11":{"name":"(anonymous_25)","decl":{"start":{"line":91,"column":10},"end":{"line":91,"column":21}},"loc":{"start":{"line":91,"column":37},"end":{"line":94,"column":null}}}},"branchMap":{"0":{"loc":{"start":{"line":57,"column":8},"end":{"line":59,"column":null}},"type":"if","locations":[{"start":{"line":57,"column":8},"end":{"line":59,"column":null}}]},"1":{"loc":{"start":{"line":65,"column":8},"end":{"line":67,"column":null}},"type":"if","locations":[{"start":{"line":65,"column":8},"end":{"line":67,"column":null}}]},"2":{"loc":{"start":{"line":73,"column":8},"end":{"line":75,"column":null}},"type":"if","locations":[{"start":{"line":73,"column":8},"end":{"line":75,"column":null}}]},"3":{"loc":{"start":{"line":85,"column":8},"end":{"line":87,"column":null}},"type":"if","locations":[{"start":{"line":85,"column":8},"end":{"line":87,"column":null}}]}},"s":{"0":1,"1":1,"2":1,"3":2,"4":2,"5":2,"6":2,"7":0,"8":0,"9":0,"10":0,"11":0,"12":0,"13":0,"14":0,"15":0,"16":0,"17":0,"18":0,"19":0,"20":1,"21":1,"22":1,"23":0,"24":0,"25":0,"26":0,"27":0,"28":0,"29":0,"30":0,"31":0,"32":0,"33":0,"34":0,"35":0,"36":0,"37":0,"38":1},"f":{"0":2,"1":0,"2":0,"3":0,"4":0,"5":0,"6":0,"7":1,"8":0,"9":0,"10":0,"11":0},"b":{"0":[1],"1":[0],"2":[0],"3":[0]}}
,"C:\\Users\\33766\\OneDrive\\Bureau\\bootcode\\dossiers typescript\\SpotyOne\\src\\adapters\\repositories\\mongoDb\\mappers\\MongoDbAlbumMapper.ts": {"path":"C:\\Users\\33766\\OneDrive\\Bureau\\bootcode\\dossiers typescript\\SpotyOne\\src\\adapters\\repositories\\mongoDb\\mappers\\MongoDbAlbumMapper.ts","statementMap":{"0":{"start":{"line":1,"column":0},"end":{"line":1,"column":54}},"1":{"start":{"line":6,"column":8},"end":{"line":15,"column":11}},"2":{"start":{"line":18,"column":8},"end":{"line":27,"column":10}},"3":{"start":{"line":4,"column":0},"end":{"line":4,"column":13}}},"fnMap":{"0":{"name":"(anonymous_0)","decl":{"start":{"line":5,"column":4},"end":{"line":5,"column":11}},"loc":{"start":{"line":5,"column":33},"end":{"line":16,"column":5}}},"1":{"name":"(anonymous_1)","decl":{"start":{"line":17,"column":4},"end":{"line":17,"column":16}},"loc":{"start":{"line":17,"column":29},"end":{"line":28,"column":5}}}},"branchMap":{},"s":{"0":1,"1":0,"2":2,"3":1},"f":{"0":0,"1":2},"b":{}}
,"C:\\Users\\33766\\OneDrive\\Bureau\\bootcode\\dossiers typescript\\SpotyOne\\src\\adapters\\repositories\\mongoDb\\models\\album.ts": {"path":"C:\\Users\\33766\\OneDrive\\Bureau\\bootcode\\dossiers typescript\\SpotyOne\\src\\adapters\\repositories\\mongoDb\\models\\album.ts","statementMap":{"0":{"start":{"line":1,"column":0},"end":{"line":1,"column":39}},"1":{"start":{"line":15,"column":20},"end":{"line":58,"column":2}},"2":{"start":{"line":60,"column":13},"end":{"line":60,"column":54}}},"fnMap":{},"branchMap":{},"s":{"0":1,"1":1,"2":1},"f":{},"b":{}}
,"C:\\Users\\33766\\OneDrive\\Bureau\\bootcode\\dossiers typescript\\SpotyOne\\src\\api\\middlewares\\JwtAuthorizationMiddleware.ts": {"path":"C:\\Users\\33766\\OneDrive\\Bureau\\bootcode\\dossiers typescript\\SpotyOne\\src\\api\\middlewares\\JwtAuthorizationMiddleware.ts","statementMap":{"0":{"start":{"line":1,"column":0},"end":{"line":1,"column":31}},"1":{"start":{"line":3,"column":18},"end":{"line":3,"column":40}},"2":{"start":{"line":6,"column":2},"end":{"line":20,"column":null}},"3":{"start":{"line":7,"column":23},"end":{"line":9,"column":null}},"4":{"start":{"line":11,"column":4},"end":{"line":16,"column":6}},"5":{"start":{"line":17,"column":4},"end":{"line":17,"column":18}},"6":{"start":{"line":19,"column":4},"end":{"line":19,"column":31}},"7":{"start":{"line":5,"column":0},"end":{"line":5,"column":16}}},"fnMap":{"0":{"name":"authorization","decl":{"start":{"line":5,"column":16},"end":{"line":5,"column":29}},"loc":{"start":{"line":5,"column":44},"end":{"line":21,"column":1}}}},"branchMap":{},"s":{"0":1,"1":1,"2":1,"3":1,"4":1,"5":1,"6":0,"7":1},"f":{"0":1},"b":{}}
,"C:\\Users\\33766\\OneDrive\\Bureau\\bootcode\\dossiers typescript\\SpotyOne\\src\\api\\routes\\album.ts": {"path":"C:\\Users\\33766\\OneDrive\\Bureau\\bootcode\\dossiers typescript\\SpotyOne\\src\\api\\routes\\album.ts","statementMap":{"0":{"start":{"line":1,"column":0},"end":{"line":1,"column":72}},"1":{"start":{"line":2,"column":0},"end":{"line":2,"column":68}},"2":{"start":{"line":3,"column":0},"end":{"line":3,"column":102}},"3":{"start":{"line":4,"column":0},"end":{"line":4,"column":70}},"4":{"start":{"line":6,"column":0},"end":{"line":6,"column":35}},"5":{"start":{"line":7,"column":0},"end":{"line":7,"column":74}},"6":{"start":{"line":8,"column":0},"end":{"line":8,"column":78}},"7":{"start":{"line":9,"column":0},"end":{"line":9,"column":64}},"8":{"start":{"line":10,"column":0},"end":{"line":10,"column":68}},"9":{"start":{"line":11,"column":0},"end":{"line":11,"column":68}},"10":{"start":{"line":12,"column":0},"end":{"line":12,"column":74}},"11":{"start":{"line":13,"column":20},"end":{"line":13,"column":36}},"12":{"start":{"line":90,"column":9},"end":{"line":90,"column":20}},"13":{"start":{"line":14,"column":31},"end":{"line":14,"column":59}},"14":{"start":{"line":15,"column":18},"end":{"line":15,"column":35}},"15":{"start":{"line":16,"column":20},"end":{"line":16,"column":70}},"16":{"start":{"line":17,"column":21},"end":{"line":17,"column":61}},"17":{"start":{"line":18,"column":25},"end":{"line":18,"column":69}},"18":{"start":{"line":19,"column":18},"end":{"line":19,"column":55}},"19":{"start":{"line":20,"column":20},"end":{"line":20,"column":59}},"20":{"start":{"line":21,"column":20},"end":{"line":21,"column":59}},"21":{"start":{"line":22,"column":24},"end":{"line":22,"column":67}},"22":{"start":{"line":24,"column":0},"end":{"line":24,"column":31}},"23":{"start":{"line":26,"column":0},"end":{"line":36,"column":3}},"24":{"start":{"line":26,"column":62},"end":{"line":36,"column":2}},"25":{"start":{"line":27,"column":15},"end":{"line":33,"column":4}},"26":{"start":{"line":34,"column":16},"end":{"line":34,"column":47}},"27":{"start":{"line":35,"column":2},"end":{"line":35,"column":43}},"28":{"start":{"line":38,"column":0},"end":{"line":42,"column":3}},"29":{"start":{"line":38,"column":64},"end":{"line":42,"column":2}},"30":{"start":{"line":39,"column":18},"end":{"line":39,"column":31}},"31":{"start":{"line":40,"column":16},"end":{"line":40,"column":51}},"32":{"start":{"line":41,"column":2},"end":{"line":41,"column":43}},"33":{"start":{"line":44,"column":0},"end":{"line":48,"column":3}},"34":{"start":{"line":44,"column":73},"end":{"line":48,"column":2}},"35":{"start":{"line":45,"column":17},"end":{"line":45,"column":34}},"36":{"start":{"line":46,"column":16},"end":{"line":46,"column":54}},"37":{"start":{"line":47,"column":2},"end":{"line":47,"column":43}},"38":{"start":{"line":50,"column":0},"end":{"line":53,"column":3}},"39":{"start":{"line":50,"column":61},"end":{"line":53,"column":2}},"40":{"start":{"line":51,"column":16},"end":{"line":51,"column":41}},"41":{"start":{"line":52,"column":2},"end":{"line":52,"column":37}},"42":{"start":{"line":55,"column":0},"end":{"line":58,"column":3}},"43":{"start":{"line":55,"column":65},"end":{"line":58,"column":2}},"44":{"start":{"line":56,"column":16},"end":{"line":56,"column":47}},"45":{"start":{"line":57,"column":2},"end":{"line":57,"column":37}},"46":{"start":{"line":61,"column":0},"end":{"line":79,"column":3}},"47":{"start":{"line":61,"column":63},"end":{"line":79,"column":2}},"48":{"start":{"line":62,"column":15},"end":{"line":68,"column":4}},"49":{"start":{"line":70,"column":23},"end":{"line":76,"column":4}},"50":{"start":{"line":78,"column":2},"end":{"line":78,"column":50}},"51":{"start":{"line":81,"column":0},"end":{"line":89,"column":3}},"52":{"start":{"line":81,"column":67},"end":{"line":89,"column":2}},"53":{"start":{"line":82,"column":15},"end":{"line":84,"column":4}},"54":{"start":{"line":86,"column":2},"end":{"line":86,"column":42}},"55":{"start":{"line":88,"column":2},"end":{"line":88,"column":22}}},"fnMap":{"0":{"name":"(anonymous_13)","decl":{"start":{"line":26,"column":22},"end":{"line":26,"column":29}},"loc":{"start":{"line":26,"column":62},"end":{"line":36,"column":2}}},"1":{"name":"(anonymous_14)","decl":{"start":{"line":26,"column":62},"end":{"line":26,"column":null}},"loc":{"start":{"line":26,"column":62},"end":{"line":36,"column":1}}},"2":{"name":"(anonymous_15)","decl":{"start":{"line":38,"column":24},"end":{"line":38,"column":31}},"loc":{"start":{"line":38,"column":64},"end":{"line":42,"column":2}}},"3":{"name":"(anonymous_16)","decl":{"start":{"line":38,"column":64},"end":{"line":38,"column":null}},"loc":{"start":{"line":38,"column":64},"end":{"line":42,"column":1}}},"4":{"name":"(anonymous_17)","decl":{"start":{"line":44,"column":33},"end":{"line":44,"column":40}},"loc":{"start":{"line":44,"column":73},"end":{"line":48,"column":2}}},"5":{"name":"(anonymous_18)","decl":{"start":{"line":44,"column":73},"end":{"line":44,"column":null}},"loc":{"start":{"line":44,"column":73},"end":{"line":48,"column":1}}},"6":{"name":"(anonymous_19)","decl":{"start":{"line":50,"column":21},"end":{"line":50,"column":28}},"loc":{"start":{"line":50,"column":61},"end":{"line":53,"column":2}}},"7":{"name":"(anonymous_20)","decl":{"start":{"line":50,"column":61},"end":{"line":50,"column":null}},"loc":{"start":{"line":50,"column":61},"end":{"line":53,"column":1}}},"8":{"name":"(anonymous_21)","decl":{"start":{"line":55,"column":25},"end":{"line":55,"column":32}},"loc":{"start":{"line":55,"column":65},"end":{"line":58,"column":2}}},"9":{"name":"(anonymous_22)","decl":{"start":{"line":55,"column":65},"end":{"line":55,"column":null}},"loc":{"start":{"line":55,"column":65},"end":{"line":58,"column":1}}},"10":{"name":"(anonymous_23)","decl":{"start":{"line":61,"column":23},"end":{"line":61,"column":30}},"loc":{"start":{"line":61,"column":63},"end":{"line":79,"column":2}}},"11":{"name":"(anonymous_24)","decl":{"start":{"line":61,"column":63},"end":{"line":61,"column":null}},"loc":{"start":{"line":61,"column":63},"end":{"line":79,"column":1}}},"12":{"name":"(anonymous_25)","decl":{"start":{"line":81,"column":27},"end":{"line":81,"column":34}},"loc":{"start":{"line":81,"column":67},"end":{"line":89,"column":2}}},"13":{"name":"(anonymous_26)","decl":{"start":{"line":81,"column":67},"end":{"line":81,"column":null}},"loc":{"start":{"line":81,"column":67},"end":{"line":89,"column":1}}}},"branchMap":{},"s":{"0":1,"1":1,"2":1,"3":1,"4":1,"5":1,"6":1,"7":1,"8":1,"9":1,"10":1,"11":1,"12":1,"13":1,"14":1,"15":1,"16":1,"17":1,"18":1,"19":1,"20":1,"21":1,"22":1,"23":1,"24":0,"25":0,"26":0,"27":0,"28":1,"29":1,"30":1,"31":1,"32":0,"33":1,"34":0,"35":0,"36":0,"37":0,"38":1,"39":0,"40":0,"41":0,"42":1,"43":0,"44":0,"45":0,"46":1,"47":0,"48":0,"49":0,"50":0,"51":1,"52":0,"53":0,"54":0,"55":0},"f":{"0":0,"1":0,"2":1,"3":1,"4":0,"5":0,"6":0,"7":0,"8":0,"9":0,"10":0,"11":0,"12":0,"13":0},"b":{}}
,"C:\\Users\\33766\\OneDrive\\Bureau\\bootcode\\dossiers typescript\\SpotyOne\\src\\core\\Entities\\Album.ts": {"path":"C:\\Users\\33766\\OneDrive\\Bureau\\bootcode\\dossiers typescript\\SpotyOne\\src\\core\\Entities\\Album.ts","statementMap":{"0":{"start":{"line":19,"column":4},"end":{"line":19,"column":23}},"1":{"start":{"line":30,"column":4},"end":{"line":39,"column":7}},"2":{"start":{"line":48,"column":4},"end":{"line":48,"column":33}},"3":{"start":{"line":49,"column":4},"end":{"line":49,"column":41}},"4":{"start":{"line":50,"column":4},"end":{"line":50,"column":45}},"5":{"start":{"line":51,"column":4},"end":{"line":51,"column":37}},"6":{"start":{"line":52,"column":4},"end":{"line":52,"column":36}},"7":{"start":{"line":16,"column":0},"end":{"line":16,"column":13}}},"fnMap":{"0":{"name":"(anonymous_0)","decl":{"start":{"line":18,"column":2},"end":{"line":18,"column":14}},"loc":{"start":{"line":18,"column":36},"end":{"line":20,"column":3}}},"1":{"name":"(anonymous_1)","decl":{"start":{"line":22,"column":2},"end":{"line":22,"column":8}},"loc":{"start":{"line":29,"column":3},"end":{"line":40,"column":3}}},"2":{"name":"(anonymous_2)","decl":{"start":{"line":42,"column":2},"end":{"line":42,"column":8}},"loc":{"start":{"line":47,"column":3},"end":{"line":53,"column":3}}}},"branchMap":{},"s":{"0":2,"1":1,"2":0,"3":0,"4":0,"5":0,"6":0,"7":1},"f":{"0":2,"1":1,"2":0},"b":{}}
,"C:\\Users\\33766\\OneDrive\\Bureau\\bootcode\\dossiers typescript\\SpotyOne\\src\\core\\Usecases\\album\\CreateAlbum.ts": {"path":"C:\\Users\\33766\\OneDrive\\Bureau\\bootcode\\dossiers typescript\\SpotyOne\\src\\core\\Usecases\\album\\CreateAlbum.ts","statementMap":{"0":{"start":{"line":3,"column":0},"end":{"line":3,"column":62}},"1":{"start":{"line":23,"column":21},"end":{"line":23,"column":53}},"2":{"start":{"line":24,"column":21},"end":{"line":24,"column":41}},"3":{"start":{"line":28,"column":29},"end":{"line":30,"column":null}},"4":{"start":{"line":32,"column":4},"end":{"line":34,"column":null}},"5":{"start":{"line":33,"column":6},"end":{"line":33,"column":46}},"6":{"start":{"line":35,"column":20},"end":{"line":35,"column":45}},"7":{"start":{"line":36,"column":18},"end":{"line":43,"column":6}},"8":{"start":{"line":44,"column":4},"end":{"line":44,"column":45}},"9":{"start":{"line":45,"column":4},"end":{"line":45,"column":17}},"10":{"start":{"line":21,"column":0},"end":{"line":21,"column":13}}},"fnMap":{"0":{"name":"(anonymous_7)","decl":{"start":{"line":22,"column":2},"end":{"line":22,"column":null}},"loc":{"start":{"line":24,"column":41},"end":{"line":25,"column":6}}},"1":{"name":"(anonymous_8)","decl":{"start":{"line":27,"column":8},"end":{"line":27,"column":15}},"loc":{"start":{"line":27,"column":49},"end":{"line":46,"column":null}}}},"branchMap":{"0":{"loc":{"start":{"line":32,"column":4},"end":{"line":34,"column":null}},"type":"if","locations":[{"start":{"line":32,"column":4},"end":{"line":34,"column":null}}]}},"s":{"0":1,"1":1,"2":1,"3":0,"4":0,"5":0,"6":0,"7":0,"8":0,"9":0,"10":1},"f":{"0":1,"1":0},"b":{"0":[0]}}
,"C:\\Users\\33766\\OneDrive\\Bureau\\bootcode\\dossiers typescript\\SpotyOne\\src\\core\\Usecases\\album\\DeleteAlbum.ts": {"path":"C:\\Users\\33766\\OneDrive\\Bureau\\bootcode\\dossiers typescript\\SpotyOne\\src\\core\\Usecases\\album\\DeleteAlbum.ts","statementMap":{"0":{"start":{"line":5,"column":31},"end":{"line":5,"column":63}},"1":{"start":{"line":8,"column":4},"end":{"line":8,"column":46}},"2":{"start":{"line":9,"column":4},"end":{"line":9,"column":11}},"3":{"start":{"line":4,"column":0},"end":{"line":4,"column":13}}},"fnMap":{"0":{"name":"(anonymous_7)","decl":{"start":{"line":5,"column":2},"end":{"line":5,"column":31}},"loc":{"start":{"line":5,"column":63},"end":{"line":5,"column":67}}},"1":{"name":"(anonymous_8)","decl":{"start":{"line":7,"column":8},"end":{"line":7,"column":15}},"loc":{"start":{"line":7,"column":31},"end":{"line":10,"column":null}}}},"branchMap":{},"s":{"0":1,"1":0,"2":0,"3":1},"f":{"0":1,"1":0},"b":{}}
,"C:\\Users\\33766\\OneDrive\\Bureau\\bootcode\\dossiers typescript\\SpotyOne\\src\\core\\Usecases\\album\\GetAlbumById.ts": {"path":"C:\\Users\\33766\\OneDrive\\Bureau\\bootcode\\dossiers typescript\\SpotyOne\\src\\core\\Usecases\\album\\GetAlbumById.ts","statementMap":{"0":{"start":{"line":6,"column":31},"end":{"line":6,"column":63}},"1":{"start":{"line":9,"column":18},"end":{"line":9,"column":66}},"2":{"start":{"line":10,"column":4},"end":{"line":10,"column":34}},"3":{"start":{"line":5,"column":0},"end":{"line":5,"column":13}}},"fnMap":{"0":{"name":"(anonymous_7)","decl":{"start":{"line":6,"column":2},"end":{"line":6,"column":31}},"loc":{"start":{"line":6,"column":63},"end":{"line":6,"column":67}}},"1":{"name":"(anonymous_8)","decl":{"start":{"line":8,"column":8},"end":{"line":8,"column":15}},"loc":{"start":{"line":8,"column":31},"end":{"line":11,"column":null}}}},"branchMap":{},"s":{"0":1,"1":1,"2":0,"3":1},"f":{"0":1,"1":1},"b":{}}
,"C:\\Users\\33766\\OneDrive\\Bureau\\bootcode\\dossiers typescript\\SpotyOne\\src\\core\\Usecases\\album\\GetAlbumByUserId.ts": {"path":"C:\\Users\\33766\\OneDrive\\Bureau\\bootcode\\dossiers typescript\\SpotyOne\\src\\core\\Usecases\\album\\GetAlbumByUserId.ts","statementMap":{"0":{"start":{"line":6,"column":33},"end":{"line":6,"column":65}},"1":{"start":{"line":9,"column":22},"end":{"line":9,"column":73}},"2":{"start":{"line":10,"column":8},"end":{"line":10,"column":null}},"3":{"start":{"line":5,"column":0},"end":{"line":5,"column":13}}},"fnMap":{"0":{"name":"(anonymous_7)","decl":{"start":{"line":6,"column":4},"end":{"line":6,"column":33}},"loc":{"start":{"line":6,"column":65},"end":{"line":6,"column":69}}},"1":{"name":"(anonymous_8)","decl":{"start":{"line":8,"column":10},"end":{"line":8,"column":17}},"loc":{"start":{"line":8,"column":32},"end":{"line":11,"column":null}}}},"branchMap":{},"s":{"0":1,"1":0,"2":0,"3":1},"f":{"0":1,"1":0},"b":{}}
,"C:\\Users\\33766\\OneDrive\\Bureau\\bootcode\\dossiers typescript\\SpotyOne\\src\\core\\Usecases\\album\\GetAlbumsByDate.ts": {"path":"C:\\Users\\33766\\OneDrive\\Bureau\\bootcode\\dossiers typescript\\SpotyOne\\src\\core\\Usecases\\album\\GetAlbumsByDate.ts","statementMap":{"0":{"start":{"line":5,"column":33},"end":{"line":5,"column":65}},"1":{"start":{"line":9,"column":27},"end":{"line":9,"column":71}},"2":{"start":{"line":10,"column":8},"end":{"line":10,"column":26}},"3":{"start":{"line":4,"column":0},"end":{"line":4,"column":13}}},"fnMap":{"0":{"name":"(anonymous_7)","decl":{"start":{"line":5,"column":4},"end":{"line":5,"column":33}},"loc":{"start":{"line":5,"column":65},"end":{"line":6,"column":5}}},"1":{"name":"(anonymous_8)","decl":{"start":{"line":8,"column":10},"end":{"line":8,"column":17}},"loc":{"start":{"line":8,"column":17},"end":{"line":11,"column":null}}}},"branchMap":{},"s":{"0":1,"1":0,"2":0,"3":1},"f":{"0":1,"1":0},"b":{}}
,"C:\\Users\\33766\\OneDrive\\Bureau\\bootcode\\dossiers typescript\\SpotyOne\\src\\core\\Usecases\\album\\UpdateAlbum.ts": {"path":"C:\\Users\\33766\\OneDrive\\Bureau\\bootcode\\dossiers typescript\\SpotyOne\\src\\core\\Usecases\\album\\UpdateAlbum.ts","statementMap":{"0":{"start":{"line":16,"column":31},"end":{"line":16,"column":63}},"1":{"start":{"line":19,"column":18},"end":{"line":19,"column":72}},"2":{"start":{"line":20,"column":4},"end":{"line":25,"column":7}},"3":{"start":{"line":27,"column":4},"end":{"line":27,"column":50}},"4":{"start":{"line":29,"column":4},"end":{"line":29,"column":17}},"5":{"start":{"line":15,"column":0},"end":{"line":15,"column":13}}},"fnMap":{"0":{"name":"(anonymous_7)","decl":{"start":{"line":16,"column":2},"end":{"line":16,"column":31}},"loc":{"start":{"line":16,"column":63},"end":{"line":16,"column":67}}},"1":{"name":"(anonymous_8)","decl":{"start":{"line":18,"column":8},"end":{"line":18,"column":15}},"loc":{"start":{"line":18,"column":39},"end":{"line":30,"column":null}}}},"branchMap":{},"s":{"0":1,"1":0,"2":0,"3":0,"4":0,"5":1},"f":{"0":1,"1":0},"b":{}}
,"C:\\Users\\33766\\OneDrive\\Bureau\\bootcode\\dossiers typescript\\SpotyOne\\src\\core\\Usecases\\album\\getAlbums.ts": {"path":"C:\\Users\\33766\\OneDrive\\Bureau\\bootcode\\dossiers typescript\\SpotyOne\\src\\core\\Usecases\\album\\getAlbums.ts","statementMap":{"0":{"start":{"line":5,"column":33},"end":{"line":5,"column":65}},"1":{"start":{"line":9,"column":27},"end":{"line":9,"column":65}},"2":{"start":{"line":10,"column":8},"end":{"line":10,"column":26}},"3":{"start":{"line":4,"column":0},"end":{"line":4,"column":13}}},"fnMap":{"0":{"name":"(anonymous_7)","decl":{"start":{"line":5,"column":4},"end":{"line":5,"column":33}},"loc":{"start":{"line":5,"column":65},"end":{"line":6,"column":5}}},"1":{"name":"(anonymous_8)","decl":{"start":{"line":8,"column":10},"end":{"line":8,"column":17}},"loc":{"start":{"line":8,"column":17},"end":{"line":11,"column":null}}}},"branchMap":{},"s":{"0":1,"1":0,"2":0,"3":1},"f":{"0":1,"1":0},"b":{}}
}
